<?xml version="1.0" encoding="UTF-8"?>
<!-- Generated by org.testng.reporters.JUnitReportReporter -->
<testsuite skipped="0" hostname="LAPTOP-MCMMF3G2" name="baselibrary.BaseLibrary" tests="2" failures="0" timestamp="2020-08-21T22:31:32 IST" time="21.028" errors="0">
  <testcase name="LaunchBrowser" time="7.022" classname="baselibrary.BaseLibrary"/>
  <system-out/>
  <testcase name="LaunchBrowser" time="14.006" classname="baselibrary.BaseLibrary"/>
  <system-out/>
</testsuite> <!-- baselibrary.BaseLibrary -->
